<?xml version="1.0" encoding="UTF-8"?>
<robot generator="Robot 4.0 (Python 3.9.2 on win32)" generated="20210721 10:51:01.155" rpa="false" schemaversion="2">
<suite id="s1" name="02 KYC Unhappy API" source="C:\Users\T640150\Desktop\eKYC\api-ekyc\Test case\02_KYC_Unhappy_API.robot">
<kw name="Start Project" library="Main" type="SETUP">
<kw name="Login_Get_Token" library="Login_api_page">
<kw name="Create Session" library="RequestsLibrary">
<arg>alias=${ALIAS}</arg>
<arg>url=${URL_CORE_SERVICE}</arg>
<doc>Create Session: create a HTTP session to a server</doc>
<msg timestamp="20210721 10:51:01.813" level="INFO">Creating Session using : alias=eKYC, url=https://tablet-preprod.onlinebanking-partner-bottech.com, headers={},                     cookies={}, auth=None, timeout=None, proxies=None, verify=False,                     debug=0 </msg>
<status status="PASS" starttime="20210721 10:51:01.812" endtime="20210721 10:51:01.813"/>
</kw>
<kw name="To Json" library="RequestsLibrary">
<var>${body}</var>
<arg>{"username": "EKYC003", "password": "P@ssw0rd", "partner_code": "TCRB-TABLET"}</arg>
<doc>*DEPRECATED* Please use ${resp.json()} instead. Have a look at the improved HTML output as pretty printing replacement.</doc>
<msg timestamp="20210721 10:51:01.813" level="WARN">Keyword 'RequestsLibrary.To Json' is deprecated. Please use ${resp.json()} instead. Have a look at the improved HTML output as pretty printing replacement.</msg>
<msg timestamp="20210721 10:51:01.814" level="INFO">To JSON using : content={"username": "EKYC003", "password": "P@ssw0rd", "partner_code": "TCRB-TABLET"} </msg>
<msg timestamp="20210721 10:51:01.814" level="INFO">To JSON using : pretty_print=False </msg>
<msg timestamp="20210721 10:51:01.814" level="INFO">${body} = {'username': 'EKYC003', 'password': 'P@ssw0rd', 'partner_code': 'TCRB-TABLET'}</msg>
<status status="PASS" starttime="20210721 10:51:01.813" endtime="20210721 10:51:01.814"/>
</kw>
<kw name="Post On Session" library="RequestsLibrary">
<var>${response}</var>
<arg>alias=${ALIAS}</arg>
<arg>url=${URI_LOGIN}</arg>
<arg>headers=&amp;{HEADER_LOGIN}</arg>
<arg>json=${body}</arg>
<doc>Sends a POST request on a previously created HTTP Session.</doc>
<msg timestamp="20210721 10:51:03.989" level="INFO">POST Request : url=https://tablet-preprod.onlinebanking-partner-bottech.com/tcrb-platform-kyc/v1/login 
 path_url=/tcrb-platform-kyc/v1/login 
 headers={'User-Agent': 'python-requests/2.25.1', 'Accept-Encoding': 'gzip, deflate', 'Accept': '*/*', 'Connection': 'keep-alive', 'X-Correlation-Id': 'hfverbnykjadwedfasvbetj', 'Content-Length': '78', 'Content-Type': 'application/json'} 
 body=b'{"username": "EKYC003", "password": "P@ssw0rd", "partner_code": "TCRB-TABLET"}' 
 </msg>
<msg timestamp="20210721 10:51:03.989" level="INFO">POST Response : url=https://tablet-preprod.onlinebanking-partner-bottech.com/tcrb-platform-kyc/v1/login 
 status=200, reason=OK 
 headers={'Content-Type': 'application/json', 'Content-Length': '3873', 'Connection': 'keep-alive', 'Date': 'Wed, 21 Jul 2021 03:51:03 GMT', 'x-amzn-RequestId': 'd7d19fb4-e344-4faf-ae16-c0996903170b', 'x-amz-apigw-id': 'CzTx9GrqyQ0FvBA=', 'X-Amzn-Trace-Id': 'Root=1-60f799a5-75272648253f835254afb606', 'X-Cache': 'Miss from cloudfront', 'Via': '1.1 20bb709a751569d186bca51c132b4c86.cloudfront.net (CloudFront)', 'X-Amz-Cf-Pop': 'SIN52-C3', 'X-Amz-Cf-Id': '805bh4VJG32Yssq6MRHcEYtfO_3htG030bZhZPafNN_MvuN_Ce9ykg=='} 
 body={"status":{"code":"0","message":"Success","remark":null,"user_code":null,"user_message_en":null,"user_message_th":null},"data":{"name":"TB0003","surname":"","username":"ekyc003","role":[{"name":"eKYC Role20"}],"access_token":"eyJraWQiOiJldkJhTWlBcUh5MkIrczU5eUl2YmtQQkxYRW53cjZDaE5QT3NrTzdVWEkwPSIsImFsZyI6IlJTMjU2In0.eyJzdWIiOiI4MzU4MTNmZS1hMGVhLTQ5ODItYjgwNS02YzdjN2VkMjhmZTQiLCJldmVudF9pZCI6IjI1MzJjMDEzLTk4YjctNGYzMS1hZDMyLTcxOWFkNWRiMjAxNiIsInRva2VuX3VzZSI6ImFjY2VzcyIsInNjb3BlIjoiYXdzLmNvZ25pdG8uc2lnbmluLnVzZXIuYWRtaW4iLCJhdXRoX3RpbWUiOjE2MjY4Mzk0NjMsImlzcyI6Imh0dHBzOlwvXC9jb2duaXRvLWlkcC5hcC1zb3V0aGVhc3QtMS5hbWF6b25hd3MuY29tXC9hcC1zb3V0aGVhc3QtMV9Zb0U5UFBHbVAiLCJleHAiOjE2MjY4NDMwNjMsImlhdCI6MTYyNjgzOTQ2MywianRpIjoiZjY4MWE4MjItNzIwNi00YzBiLWIxZjQtOTU5NTEzZGYwMzNkIiwiY2xpZW50X2lkIjoiMnJhbWxyc3E0OG8xMzE4bGFqZmdhMnRhb2kiLCJ1c2VybmFtZSI6ImVreWMwMDMifQ.luVnqCjHfhJ0q57sBwRYKVTv7jylOTcSYTMJY8NeMjEewkWqirZwFOism2DONjhCT5E34FP8v5jxSbnV7MPQih2Uw3C9yOx71gkFbnJ-c77_A7ZSaYMvgI7oQVEpCiJsU-bouQTNumRuIPWJPFPiio_r6K-ujrvXvzQsjML1mgodIMBaXc3P4_wHNjmqUEMSiUOR3pZAIEbMlctvp6_PbQ5V_e6ODjsfqTtqpckkXAVsxHner0xQMPNG8e4KH8klTQO0sYLZIdzJH8iaqSYNvmvsfxwgaKNkJf4EikJq3qYyP4GMxieU6Ch_oFYTlJErQFzvOv1J3oIeHBXOMS8N7Q","refresh_token":"eyJjdHkiOiJKV1QiLCJlbmMiOiJBMjU2R0NNIiwiYWxnIjoiUlNBLU9BRVAifQ.QguebZgx3WxwYB_0jgo8MsWtO9jziyYHXd_uWkTfQVfHPg_bpQU3YCT04_wtF3pqZCo_QfhpBWhUh1QgjydODWAGDj3E5AQvRu4FknkECgN0C3wpTKg_E7WPwgLEpGk2PQTAogxZn2Bkgv8zVLGJonmSyBr_s9eZSbFxcIKp3OZvUti8wdRwW63Yz3-ovscdXhSQbbaKudafgZaPrmuJGvNIzzby6CzUB9MJblfRAtUPVd2wZC3HtwiQheKVtzt9zrFid-rC5fFD9Q1A2Gk-X8kpjUaxMRqlt2RfqPXjs1k2tKJIxuev4Lzx0SciHWA4kshh0xtsBocCT1ZPDMTxXg.FEedfCd-rAJ2uuyE.LctPbZMVYQn0iwzJgApX4mysgXwnWBjChOe-tcB_TMhulua6eU7SikxlfqtiDOcT7WTzs-N5Z9n6fq2uaSjNr5WPmCqORseMWI_-ZGI0wRnQQYVJwmRUqSBCBAT0KVaZ8NSGnlVsK00dbgJI-IaCa_O5xONAdeykmgMelW5CgHCmIf98l1rT3NdrZzIDT9-S89O3IO8tIgDv5zZH05jpwo0E4tpYluiTmdJ7a3ne1VmVJKqbUiZdjkT3kqJix94jmbbzU6U9PJeWGaWfyISFW_FMq3hi7ry7fcydAlNZ-kgMl3UIUw_r3wheUi2dSNTkA5-sT3Cn8qVN9dknTyRlDlXsmrV9ILTDWb9eNTVhmpwyqGOF_4jxP-NKkekWhahPL2LazeDp6f8iqDrYbVRQEMgGcfn-rCi7jt5qZYCOM0L5at-3G_gGFCrOcP2XKmpIeAbwh3JbuE4dmMfp60W3GVF5v1BMee1xJZSUAvm_wNSuoGP2f066Do8IQcDzI5DP4BSjl4_1mJHgTUEnDu7hIdpSyaEuUL0uFlkqdcotZkn2qK5eyphSSUc_qouaPgyHMfBsB5CtZNTsnoBg7GJbZLG868FeTKjcIsscCe0298IYec1eQ_jjhbr42WPMneewu3cN-1f-QMsU9Q-kC4yNAQoCxoDZMMStZEPRsmf5_zZwktIz842qrU95-lR9VexFaMOKNwq5L-o1LF9FqBrJxcUk6UFgXk3lc_1l-fiaB992U138MYCNsNq6RKUJIJrBEjVczZeJDgWEtShBrIOBRyvIroU4k_MJCnl_pJSH5pV-VuBhg8VYvHZaeQKKsva9OsPO_By5BcpZZgaB30jyOBwtOaC0FKXYH0XtfKkLKMTdMWnBypEuIU4XGDre_hJ8at8bjRzj2-GiWvJ93yuEQxrVHhLYTEOAKim4nPrzdjCvYhqHBV-qHKvWBSzaY1OrEGAHOWEyCdqscDuy5rXR6IjZU4Xkv_famYIhbl-hDBaiUhwY4LLJiLfldNUB6KjRAUzH8Ojs0BhaksV9MvrLsMFE2muNytpkBNgxcxpkkyjguIRfgkmHhcpadX-q7NAcHW1SdUWhudUexZmDpxj0Ar1w-MqqLsbhfBuzG1rxinA9vohs8nyvovKSrjMWbP_ueBmeS4kFpMA8S1-9N1FM-mfyDCq3H57s2GCZHDevAW-xm4VGnwVZoNcxaMwEL88RY0Ri_vl2fzzjsImDPiPwfHA5SlLh-rT2_3j0EKH-KjH2ZIg-uEHpabee_JF1cegCngJKa2EQx1mcu8qZ5sr7lVdT.JV0aw0Q_7eQxj506gfNSoQ","id_token":"eyJraWQiOiI0WmpGNDV1Mk1WaXBtYjZHXC9BM1ViWFdLWHp3UmYxSWNGMkx1XC9COWhUVEU9IiwiYWxnIjoiUlMyNTYifQ.eyJzdWIiOiI4MzU4MTNmZS1hMGVhLTQ5ODItYjgwNS02YzdjN2VkMjhmZTQiLCJhdWQiOiIycmFtbHJzcTQ4bzEzMThsYWpmZ2EydGFvaSIsImV2ZW50X2lkIjoiMjUzMmMwMTMtOThiNy00ZjMxLWFkMzItNzE5YWQ1ZGIyMDE2IiwidG9rZW5fdXNlIjoiaWQiLCJhdXRoX3RpbWUiOjE2MjY4Mzk0NjMsImlzcyI6Imh0dHBzOlwvXC9jb2duaXRvLWlkcC5hcC1zb3V0aGVhc3QtMS5hbWF6b25hd3MuY29tXC9hcC1zb3V0aGVhc3QtMV9Zb0U5UFBHbVAiLCJjb2duaXRvOnVzZXJuYW1lIjoiZWt5YzAwMyIsImV4cCI6MTYyNjg0MzA2MywiaWF0IjoxNjI2ODM5NDYzfQ.P7bU4QFK-HSfpNuUfLOj7KdZbiYpjuocyw0BDvtqyvoVDWMrIoKIVoKVuIiZ4sOJjbEYWFagV54gzB9_NkQ_NOy4I9stt0bD5Q2hNFogpKJlQNt1X3dJjvcxIHv7jIjJi33IfH-jkv2k_rPYK1b3Al3o5zc1TZqeFV5IvagqdBH-YtB8BVI2rcYeYj29HTvGpOSwG6u_vqJo05bqN13rct31voCXGO8po3zCuLk6cPyktmSF-9IhcBdVidykxW_M8Nv3vnTExtsdBGqgAS7iVhudTnm85d3LdCRMcnYP3avrojiJVKL-HRtLflK3O-YuMKUcm5KRn5PBNDmvOYtWsA","session_timeout":5}} 
 </msg>
<msg timestamp="20210721 10:51:03.990" level="INFO">c:\users\t640150\appdata\local\programs\python\python39\lib\site-packages\urllib3\connectionpool.py:1013: InsecureRequestWarning: Unverified HTTPS request is being made to host 'tablet-preprod.onlinebanking-partner-bottech.com'. Adding certificate verification is strongly advised. See: https://urllib3.readthedocs.io/en/latest/advanced-usage.html#ssl-warnings
  warnings.warn(</msg>
<msg timestamp="20210721 10:51:03.992" level="INFO">${response} = &lt;Response [200]&gt;</msg>
<status status="PASS" starttime="20210721 10:51:01.814" endtime="20210721 10:51:03.992"/>
</kw>
<kw name="Request Should Be Successful" library="RequestsLibrary">
<arg>response=${response}</arg>
<doc>Fails if response status code is a client or server error (4xx, 5xx).</doc>
<status status="PASS" starttime="20210721 10:51:03.993" endtime="20210721 10:51:03.994"/>
</kw>
<kw name="Should Be Equal" library="BuiltIn">
<arg>${response.json()["status"]["message"]}</arg>
<arg>${RESPONSE_MESSAGE_SUCCESS}</arg>
<doc>Fails if the given objects are unequal.</doc>
<status status="PASS" starttime="20210721 10:51:03.995" endtime="20210721 10:51:03.999"/>
</kw>
<kw name="Set Global Variable" library="BuiltIn">
<arg>${LOGIN_IDTOKEN}</arg>
<arg>${response.json()["data"]["id_token"]}</arg>
<doc>Makes a variable available globally in all tests and suites.</doc>
<msg timestamp="20210721 10:51:04.002" level="INFO">${LOGIN_IDTOKEN} = eyJraWQiOiI0WmpGNDV1Mk1WaXBtYjZHXC9BM1ViWFdLWHp3UmYxSWNGMkx1XC9COWhUVEU9IiwiYWxnIjoiUlMyNTYifQ.eyJzdWIiOiI4MzU4MTNmZS1hMGVhLTQ5ODItYjgwNS02YzdjN2VkMjhmZTQiLCJhdWQiOiIycmFtbHJzcTQ4bzEzMThsYWpmZ2EydGFva...</msg>
<status status="PASS" starttime="20210721 10:51:03.999" endtime="20210721 10:51:04.002"/>
</kw>
<status status="PASS" starttime="20210721 10:51:01.812" endtime="20210721 10:51:04.002"/>
</kw>
<status status="PASS" starttime="20210721 10:51:01.812" endtime="20210721 10:51:04.002"/>
</kw>
<test id="s1-t1" name="eKYC_Unhappy_003">
<kw name="Get_term_and_conditions" library="Get_term_and_conditionAPI_page">
<kw name="Set To Dictionary" library="Collections">
<arg>${HEADER_GET_TERM}</arg>
<arg>Authorization=${LOGIN_IDTOKEN}</arg>
<doc>Adds the given ``key_value_pairs`` and ``items`` to the ``dictionary``.</doc>
<status status="PASS" starttime="20210721 10:51:04.004" endtime="20210721 10:51:04.004"/>
</kw>
<kw name="Log" library="BuiltIn">
<arg>${HEADER_GET_TERM}</arg>
<doc>Logs the given message with the given level.</doc>
<msg timestamp="20210721 10:51:04.004" level="INFO">{'X-Correlation-Id': '123456789', 'partner-code': 'TCRB-TABLET', 'user': 'automate', 'Authorization': 'eyJraWQiOiI0WmpGNDV1Mk1WaXBtYjZHXC9BM1ViWFdLWHp3UmYxSWNGMkx1XC9COWhUVEU9IiwiYWxnIjoiUlMyNTYifQ.eyJzdWIiOiI4MzU4MTNmZS1hMGVhLTQ5ODItYjgwNS02YzdjN2VkMjhmZTQiLCJhdWQiOiIycmFtbHJzcTQ4bzEzMThsYWpmZ2EydGFvaSIsImV2ZW50X2lkIjoiMjUzMmMwMTMtOThiNy00ZjMxLWFkMzItNzE5YWQ1ZGIyMDE2IiwidG9rZW5fdXNlIjoiaWQiLCJhdXRoX3RpbWUiOjE2MjY4Mzk0NjMsImlzcyI6Imh0dHBzOlwvXC9jb2duaXRvLWlkcC5hcC1zb3V0aGVhc3QtMS5hbWF6b25hd3MuY29tXC9hcC1zb3V0aGVhc3QtMV9Zb0U5UFBHbVAiLCJjb2duaXRvOnVzZXJuYW1lIjoiZWt5YzAwMyIsImV4cCI6MTYyNjg0MzA2MywiaWF0IjoxNjI2ODM5NDYzfQ.P7bU4QFK-HSfpNuUfLOj7KdZbiYpjuocyw0BDvtqyvoVDWMrIoKIVoKVuIiZ4sOJjbEYWFagV54gzB9_NkQ_NOy4I9stt0bD5Q2hNFogpKJlQNt1X3dJjvcxIHv7jIjJi33IfH-jkv2k_rPYK1b3Al3o5zc1TZqeFV5IvagqdBH-YtB8BVI2rcYeYj29HTvGpOSwG6u_vqJo05bqN13rct31voCXGO8po3zCuLk6cPyktmSF-9IhcBdVidykxW_M8Nv3vnTExtsdBGqgAS7iVhudTnm85d3LdCRMcnYP3avrojiJVKL-HRtLflK3O-YuMKUcm5KRn5PBNDmvOYtWsA'}</msg>
<status status="PASS" starttime="20210721 10:51:04.004" endtime="20210721 10:51:04.004"/>
</kw>
<kw name="Create Session" library="RequestsLibrary">
<arg>alias=${ALIAS}</arg>
<arg>url=${URL_CORE_SERVICE}</arg>
<doc>Create Session: create a HTTP session to a server</doc>
<msg timestamp="20210721 10:51:04.005" level="INFO">Creating Session using : alias=eKYC, url=https://tablet-preprod.onlinebanking-partner-bottech.com, headers={},                     cookies={}, auth=None, timeout=None, proxies=None, verify=False,                     debug=0 </msg>
<status status="PASS" starttime="20210721 10:51:04.004" endtime="20210721 10:51:04.005"/>
</kw>
<kw name="Get On Session" library="RequestsLibrary">
<var>${response}</var>
<arg>alias=${ALIAS}</arg>
<arg>url=${URI_GET_TERM_AND_CONDITION}</arg>
<arg>headers=&amp;{HEADER_GET_TERM}</arg>
<doc>Sends a GET request on a previously created HTTP Session.</doc>
<msg timestamp="20210721 10:51:04.896" level="INFO">GET Request : url=https://tablet-preprod.onlinebanking-partner-bottech.com/tcrb-platform-kyc/v1/get_term_condition 
 path_url=/tcrb-platform-kyc/v1/get_term_condition 
 headers={'User-Agent': 'python-requests/2.25.1', 'Accept-Encoding': 'gzip, deflate', 'Accept': '*/*', 'Connection': 'keep-alive', 'X-Correlation-Id': '123456789', 'partner-code': 'TCRB-TABLET', 'user': 'automate', 'Authorization': 'eyJraWQiOiI0WmpGNDV1Mk1WaXBtYjZHXC9BM1ViWFdLWHp3UmYxSWNGMkx1XC9COWhUVEU9IiwiYWxnIjoiUlMyNTYifQ.eyJzdWIiOiI4MzU4MTNmZS1hMGVhLTQ5ODItYjgwNS02YzdjN2VkMjhmZTQiLCJhdWQiOiIycmFtbHJzcTQ4bzEzMThsYWpmZ2EydGFvaSIsImV2ZW50X2lkIjoiMjUzMmMwMTMtOThiNy00ZjMxLWFkMzItNzE5YWQ1ZGIyMDE2IiwidG9rZW5fdXNlIjoiaWQiLCJhdXRoX3RpbWUiOjE2MjY4Mzk0NjMsImlzcyI6Imh0dHBzOlwvXC9jb2duaXRvLWlkcC5hcC1zb3V0aGVhc3QtMS5hbWF6b25hd3MuY29tXC9hcC1zb3V0aGVhc3QtMV9Zb0U5UFBHbVAiLCJjb2duaXRvOnVzZXJuYW1lIjoiZWt5YzAwMyIsImV4cCI6MTYyNjg0MzA2MywiaWF0IjoxNjI2ODM5NDYzfQ.P7bU4QFK-HSfpNuUfLOj7KdZbiYpjuocyw0BDvtqyvoVDWMrIoKIVoKVuIiZ4sOJjbEYWFagV54gzB9_NkQ_NOy4I9stt0bD5Q2hNFogpKJlQNt1X3dJjvcxIHv7jIjJi33IfH-jkv2k_rPYK1b3Al3o5zc1TZqeFV5IvagqdBH-YtB8BVI2rcYeYj29HTvGpOSwG6u_vqJo05bqN13rct31voCXGO8po3zCuLk6cPyktmSF-9IhcBdVidykxW_M8Nv3vnTExtsdBGqgAS7iVhudTnm85d3LdCRMcnYP3avrojiJVKL-HRtLflK3O-YuMKUcm5KRn5PBNDmvOYtWsA'} 
 body=None 
 </msg>
<msg timestamp="20210721 10:51:04.897" level="INFO">GET Response : url=https://tablet-preprod.onlinebanking-partner-bottech.com/tcrb-platform-kyc/v1/get_term_condition 
 status=200, reason=OK 
 headers={'Content-Type': 'application/json', 'Content-Length': '1007', 'Connection': 'keep-alive', 'Date': 'Wed, 21 Jul 2021 03:51:04 GMT', 'x-amzn-RequestId': '88b72acc-03ee-471b-a075-310db6a76c66', 'x-amz-apigw-id': 'CzTyTFtYyQ0Fu4A=', 'X-Amzn-Trace-Id': 'Root=1-60f799a8-7a95feaa0333a1b423850a61', 'X-Cache': 'Miss from cloudfront', 'Via': '1.1 db75d9999621c662b2eccf4f496b12ab.cloudfront.net (CloudFront)', 'X-Amz-Cf-Pop': 'SIN52-C3', 'X-Amz-Cf-Id': 'kfyE6zaI-wOPKSi6vRd5rFafScE8GBhDlKRL_Wz8ViwYjBzLpbnniA=='} 
 body={"status":{"code":"0","message":"Success","remark":null,"user_code":null,"user_message_en":null,"user_message_th":null},"data":{"purpose_id":"TC0001","purpose_name":"Example KYC term and condition","type":"T","content":"Example KYC term and condition content.\r\nTest terms and conditions are vital to the long-term success and security of your online business, as they outline the rules by which you and your users must abide. Without terms, you could be subject to abusive users, intellectual property theft, and unnecessary litigation.\r\nOur free terms and conditions template will help provide your business with the legal protection it deserves. Download the standard template below, or simply copy and paste the text onto your site.\r\nAlternatively, keep reading to learn more about what a terms and conditions agreement is and how to start writing your own.","econsent_version":"1.0","econsent_status":"ACTIVE","onetrust_version":null,"onetrust_status":null,"effective_date":"2021-03-02 17:00:00"}} 
 </msg>
<msg timestamp="20210721 10:51:04.897" level="INFO">c:\users\t640150\appdata\local\programs\python\python39\lib\site-packages\urllib3\connectionpool.py:1013: InsecureRequestWarning: Unverified HTTPS request is being made to host 'tablet-preprod.onlinebanking-partner-bottech.com'. Adding certificate verification is strongly advised. See: https://urllib3.readthedocs.io/en/latest/advanced-usage.html#ssl-warnings
  warnings.warn(</msg>
<msg timestamp="20210721 10:51:04.898" level="INFO">${response} = &lt;Response [200]&gt;</msg>
<status status="PASS" starttime="20210721 10:51:04.005" endtime="20210721 10:51:04.898"/>
</kw>
<kw name="Request Should Be Successful" library="RequestsLibrary">
<arg>response=${response}</arg>
<doc>Fails if response status code is a client or server error (4xx, 5xx).</doc>
<status status="PASS" starttime="20210721 10:51:04.899" endtime="20210721 10:51:04.899"/>
</kw>
<kw name="Should Be Equal As Integers" library="BuiltIn">
<arg>${response.json()["status"]["code"]}</arg>
<arg>${RESPONSE_CODE_SUCCESS}</arg>
<doc>Fails if objects are unequal after converting them to integers.</doc>
<status status="PASS" starttime="20210721 10:51:04.900" endtime="20210721 10:51:04.903"/>
</kw>
<kw name="Should Be Equal" library="BuiltIn">
<arg>${response.json()["status"]["message"]}</arg>
<arg>${RESPONSE_MESSAGE_SUCCESS}</arg>
<doc>Fails if the given objects are unequal.</doc>
<status status="PASS" starttime="20210721 10:51:04.903" endtime="20210721 10:51:04.904"/>
</kw>
<kw name="Set Global Variable" library="BuiltIn">
<arg>${GETTERM_RESPONES_MESSAGE}</arg>
<arg>${response.json()["status"]["message"]}</arg>
<doc>Makes a variable available globally in all tests and suites.</doc>
<msg timestamp="20210721 10:51:04.908" level="INFO">${GETTERM_RESPONES_MESSAGE} = Success</msg>
<status status="PASS" starttime="20210721 10:51:04.904" endtime="20210721 10:51:04.908"/>
</kw>
<status status="PASS" starttime="20210721 10:51:04.003" endtime="20210721 10:51:04.908"/>
</kw>
<kw name="Validate_customer_Invalid_Mobile_Number" library="validate_customer_API_page">
<arg>6</arg>
<kw name="Set To Dictionary" library="Collections">
<arg>${HEADER_CS_VALIDATE}</arg>
<arg>Authorization=${LOGIN_IDTOKEN}</arg>
<doc>Adds the given ``key_value_pairs`` and ``items`` to the ``dictionary``.</doc>
<status status="PASS" starttime="20210721 10:51:04.909" endtime="20210721 10:51:04.909"/>
</kw>
<kw name="Log" library="BuiltIn">
<arg>${HEADER_CS_VALIDATE}</arg>
<doc>Logs the given message with the given level.</doc>
<msg timestamp="20210721 10:51:04.909" level="INFO">{'X-Correlation-Id': 'qwtge40453df', 'Content-Type': 'application/json', 'user': 'automate', 'Partner-code': 'TCRB-TABLET', 'Authorization': 'eyJraWQiOiI0WmpGNDV1Mk1WaXBtYjZHXC9BM1ViWFdLWHp3UmYxSWNGMkx1XC9COWhUVEU9IiwiYWxnIjoiUlMyNTYifQ.eyJzdWIiOiI4MzU4MTNmZS1hMGVhLTQ5ODItYjgwNS02YzdjN2VkMjhmZTQiLCJhdWQiOiIycmFtbHJzcTQ4bzEzMThsYWpmZ2EydGFvaSIsImV2ZW50X2lkIjoiMjUzMmMwMTMtOThiNy00ZjMxLWFkMzItNzE5YWQ1ZGIyMDE2IiwidG9rZW5fdXNlIjoiaWQiLCJhdXRoX3RpbWUiOjE2MjY4Mzk0NjMsImlzcyI6Imh0dHBzOlwvXC9jb2duaXRvLWlkcC5hcC1zb3V0aGVhc3QtMS5hbWF6b25hd3MuY29tXC9hcC1zb3V0aGVhc3QtMV9Zb0U5UFBHbVAiLCJjb2duaXRvOnVzZXJuYW1lIjoiZWt5YzAwMyIsImV4cCI6MTYyNjg0MzA2MywiaWF0IjoxNjI2ODM5NDYzfQ.P7bU4QFK-HSfpNuUfLOj7KdZbiYpjuocyw0BDvtqyvoVDWMrIoKIVoKVuIiZ4sOJjbEYWFagV54gzB9_NkQ_NOy4I9stt0bD5Q2hNFogpKJlQNt1X3dJjvcxIHv7jIjJi33IfH-jkv2k_rPYK1b3Al3o5zc1TZqeFV5IvagqdBH-YtB8BVI2rcYeYj29HTvGpOSwG6u_vqJo05bqN13rct31voCXGO8po3zCuLk6cPyktmSF-9IhcBdVidykxW_M8Nv3vnTExtsdBGqgAS7iVhudTnm85d3LdCRMcnYP3avrojiJVKL-HRtLflK3O-YuMKUcm5KRn5PBNDmvOYtWsA'}</msg>
<status status="PASS" starttime="20210721 10:51:04.909" endtime="20210721 10:51:04.909"/>
</kw>
<kw name="Create Session" library="RequestsLibrary">
<arg>alias=${ALIAS}</arg>
<arg>url=${URL_CORE_SERVICE}</arg>
<doc>Create Session: create a HTTP session to a server</doc>
<msg timestamp="20210721 10:51:04.910" level="INFO">Creating Session using : alias=eKYC, url=https://tablet-preprod.onlinebanking-partner-bottech.com, headers={},                     cookies={}, auth=None, timeout=None, proxies=None, verify=False,                     debug=0 </msg>
<status status="PASS" starttime="20210721 10:51:04.909" endtime="20210721 10:51:04.910"/>
</kw>
<kw name="Get_Data_Customer_UnHappyCase" library="Get_data_excel">
<arg>${row_in_excel}</arg>
<kw name="Open Excel Document" library="ExcelLibrary">
<arg>filename=${FILE_NAME}</arg>
<arg>doc_id=doc1</arg>
<doc>Opens xlsx document file.</doc>
<status status="PASS" starttime="20210721 10:51:04.910" endtime="20210721 10:51:05.104"/>
</kw>
<kw name="Read Excel Cell" library="ExcelLibrary">
<var>${get_cid}</var>
<arg>row_num=${row}</arg>
<arg>col_num=4</arg>
<arg>sheet_name=eKYC-UNHAPPY</arg>
<doc>Returns content of a cell.</doc>
<msg timestamp="20210721 10:51:05.105" level="INFO">${get_cid} = 3100400854281</msg>
<status status="PASS" starttime="20210721 10:51:05.105" endtime="20210721 10:51:05.105"/>
</kw>
<kw name="Read Excel Cell" library="ExcelLibrary">
<var>${name}</var>
<arg>row_num=${row}</arg>
<arg>col_num=5</arg>
<arg>sheet_name=eKYC-UNHAPPY</arg>
<doc>Returns content of a cell.</doc>
<msg timestamp="20210721 10:51:05.105" level="INFO">${name} = None</msg>
<status status="PASS" starttime="20210721 10:51:05.105" endtime="20210721 10:51:05.105"/>
</kw>
<kw name="Read Excel Cell" library="ExcelLibrary">
<var>${surname}</var>
<arg>row_num=${row}</arg>
<arg>col_num=6</arg>
<arg>sheet_name=eKYC-UNHAPPY</arg>
<doc>Returns content of a cell.</doc>
<msg timestamp="20210721 10:51:05.106" level="INFO">${surname} = None</msg>
<status status="PASS" starttime="20210721 10:51:05.105" endtime="20210721 10:51:05.106"/>
</kw>
<kw name="Read Excel Cell" library="ExcelLibrary">
<var>${name_en}</var>
<arg>row_num=${row}</arg>
<arg>col_num=7</arg>
<arg>sheet_name=eKYC-UNHAPPY</arg>
<doc>Returns content of a cell.</doc>
<msg timestamp="20210721 10:51:05.106" level="INFO">${name_en} = None</msg>
<status status="PASS" starttime="20210721 10:51:05.106" endtime="20210721 10:51:05.106"/>
</kw>
<kw name="Read Excel Cell" library="ExcelLibrary">
<var>${surname_en}</var>
<arg>row_num=${row}</arg>
<arg>col_num=8</arg>
<arg>sheet_name=eKYC-UNHAPPY</arg>
<doc>Returns content of a cell.</doc>
<msg timestamp="20210721 10:51:05.106" level="INFO">${surname_en} = None</msg>
<status status="PASS" starttime="20210721 10:51:05.106" endtime="20210721 10:51:05.106"/>
</kw>
<kw name="Read Excel Cell" library="ExcelLibrary">
<var>${bithdate}</var>
<arg>row_num=${row}</arg>
<arg>col_num=9</arg>
<arg>sheet_name=eKYC-UNHAPPY</arg>
<doc>Returns content of a cell.</doc>
<msg timestamp="20210721 10:51:05.107" level="INFO">${bithdate} = None</msg>
<status status="PASS" starttime="20210721 10:51:05.107" endtime="20210721 10:51:05.107"/>
</kw>
<kw name="Read Excel Cell" library="ExcelLibrary">
<var>${alley}</var>
<arg>row_num=${row}</arg>
<arg>col_num=14</arg>
<arg>sheet_name=eKYC-UNHAPPY</arg>
<doc>Returns content of a cell.</doc>
<msg timestamp="20210721 10:51:05.107" level="INFO">${alley} = None</msg>
<status status="PASS" starttime="20210721 10:51:05.107" endtime="20210721 10:51:05.107"/>
</kw>
<kw name="Read Excel Cell" library="ExcelLibrary">
<var>${district}</var>
<arg>row_num=${row}</arg>
<arg>col_num=16</arg>
<arg>sheet_name=eKYC-UNHAPPY</arg>
<doc>Returns content of a cell.</doc>
<msg timestamp="20210721 10:51:05.108" level="INFO">${district} = None</msg>
<status status="PASS" starttime="20210721 10:51:05.107" endtime="20210721 10:51:05.108"/>
</kw>
<kw name="Read Excel Cell" library="ExcelLibrary">
<var>${house_no}</var>
<arg>row_num=${row}</arg>
<arg>col_num=10</arg>
<arg>sheet_name=eKYC-UNHAPPY</arg>
<doc>Returns content of a cell.</doc>
<msg timestamp="20210721 10:51:05.108" level="INFO">${house_no} = None</msg>
<status status="PASS" starttime="20210721 10:51:05.108" endtime="20210721 10:51:05.108"/>
</kw>
<kw name="Read Excel Cell" library="ExcelLibrary">
<var>${road}</var>
<arg>row_num=${row}</arg>
<arg>col_num=12</arg>
<arg>sheet_name=eKYC-UNHAPPY</arg>
<doc>Returns content of a cell.</doc>
<msg timestamp="20210721 10:51:05.108" level="INFO">${road} = None</msg>
<status status="PASS" starttime="20210721 10:51:05.108" endtime="20210721 10:51:05.109"/>
</kw>
<kw name="Read Excel Cell" library="ExcelLibrary">
<var>${lane}</var>
<arg>row_num=${row}</arg>
<arg>col_num=13</arg>
<arg>sheet_name=eKYC-UNHAPPY</arg>
<doc>Returns content of a cell.</doc>
<msg timestamp="20210721 10:51:05.109" level="INFO">${lane} = None</msg>
<status status="PASS" starttime="20210721 10:51:05.109" endtime="20210721 10:51:05.109"/>
</kw>
<kw name="Read Excel Cell" library="ExcelLibrary">
<var>${moo}</var>
<arg>row_num=${row}</arg>
<arg>col_num=11</arg>
<arg>sheet_name=eKYC-UNHAPPY</arg>
<doc>Returns content of a cell.</doc>
<msg timestamp="20210721 10:51:05.109" level="INFO">${moo} = None</msg>
<status status="PASS" starttime="20210721 10:51:05.109" endtime="20210721 10:51:05.109"/>
</kw>
<kw name="Read Excel Cell" library="ExcelLibrary">
<var>${province}</var>
<arg>row_num=${row}</arg>
<arg>col_num=17</arg>
<arg>sheet_name=eKYC-UNHAPPY</arg>
<doc>Returns content of a cell.</doc>
<msg timestamp="20210721 10:51:05.110" level="INFO">${province} = None</msg>
<status status="PASS" starttime="20210721 10:51:05.109" endtime="20210721 10:51:05.110"/>
</kw>
<kw name="Read Excel Cell" library="ExcelLibrary">
<var>${sub_district}</var>
<arg>row_num=${row}</arg>
<arg>col_num=15</arg>
<arg>sheet_name=eKYC-UNHAPPY</arg>
<doc>Returns content of a cell.</doc>
<msg timestamp="20210721 10:51:05.110" level="INFO">${sub_district} = None</msg>
<status status="PASS" starttime="20210721 10:51:05.110" endtime="20210721 10:51:05.110"/>
</kw>
<kw name="Read Excel Cell" library="ExcelLibrary">
<var>${sex}</var>
<arg>row_num=${row}</arg>
<arg>col_num=18</arg>
<arg>sheet_name=eKYC-UNHAPPY</arg>
<doc>Returns content of a cell.</doc>
<msg timestamp="20210721 10:51:05.111" level="INFO">${sex} = None</msg>
<status status="PASS" starttime="20210721 10:51:05.110" endtime="20210721 10:51:05.111"/>
</kw>
<kw name="Read Excel Cell" library="ExcelLibrary">
<var>${get_cif}</var>
<arg>row_num=${row}</arg>
<arg>col_num=19</arg>
<arg>sheet_name=eKYC-UNHAPPY</arg>
<doc>Returns content of a cell.</doc>
<msg timestamp="20210721 10:51:05.111" level="INFO">${get_cif} = None</msg>
<status status="PASS" starttime="20210721 10:51:05.111" endtime="20210721 10:51:05.111"/>
</kw>
<kw name="Read Excel Cell" library="ExcelLibrary">
<var>${get_mobile}</var>
<arg>row_num=${row}</arg>
<arg>col_num=20</arg>
<arg>sheet_name=eKYC-UNHAPPY</arg>
<doc>Returns content of a cell.</doc>
<msg timestamp="20210721 10:51:05.111" level="INFO">${get_mobile} = None</msg>
<status status="PASS" starttime="20210721 10:51:05.111" endtime="20210721 10:51:05.111"/>
</kw>
<kw name="Read Excel Cell" library="ExcelLibrary">
<var>${get_lasercode}</var>
<arg>row_num=${row}</arg>
<arg>col_num=21</arg>
<arg>sheet_name=eKYC-UNHAPPY</arg>
<doc>Returns content of a cell.</doc>
<msg timestamp="20210721 10:51:05.112" level="INFO">${get_lasercode} = None</msg>
<status status="PASS" starttime="20210721 10:51:05.111" endtime="20210721 10:51:05.112"/>
</kw>
<kw name="Set Global Variable" library="BuiltIn">
<arg>${GET_ALLEY}</arg>
<arg>${alley}</arg>
<doc>Makes a variable available globally in all tests and suites.</doc>
<msg timestamp="20210721 10:51:05.114" level="INFO">${GET_ALLEY} = None</msg>
<status status="PASS" starttime="20210721 10:51:05.112" endtime="20210721 10:51:05.114"/>
</kw>
<kw name="Set Global Variable" library="BuiltIn">
<arg>${GET_DISTRICT}</arg>
<arg>${district}</arg>
<doc>Makes a variable available globally in all tests and suites.</doc>
<msg timestamp="20210721 10:51:05.116" level="INFO">${GET_DISTRICT} = None</msg>
<status status="PASS" starttime="20210721 10:51:05.114" endtime="20210721 10:51:05.116"/>
</kw>
<kw name="Set Global Variable" library="BuiltIn">
<arg>${GET_HOUSENO}</arg>
<arg>${house_no}</arg>
<doc>Makes a variable available globally in all tests and suites.</doc>
<msg timestamp="20210721 10:51:05.119" level="INFO">${GET_HOUSENO} = None</msg>
<status status="PASS" starttime="20210721 10:51:05.116" endtime="20210721 10:51:05.119"/>
</kw>
<kw name="Set Global Variable" library="BuiltIn">
<arg>${GET_LANE}</arg>
<arg>${lane}</arg>
<doc>Makes a variable available globally in all tests and suites.</doc>
<msg timestamp="20210721 10:51:05.121" level="INFO">${GET_LANE} = None</msg>
<status status="PASS" starttime="20210721 10:51:05.119" endtime="20210721 10:51:05.121"/>
</kw>
<kw name="Set Global Variable" library="BuiltIn">
<arg>${GET_MOO}</arg>
<arg>${moo}</arg>
<doc>Makes a variable available globally in all tests and suites.</doc>
<msg timestamp="20210721 10:51:05.123" level="INFO">${GET_MOO} = None</msg>
<status status="PASS" starttime="20210721 10:51:05.121" endtime="20210721 10:51:05.123"/>
</kw>
<kw name="Set Global Variable" library="BuiltIn">
<arg>${GET_PROVINCE}</arg>
<arg>${province}</arg>
<doc>Makes a variable available globally in all tests and suites.</doc>
<msg timestamp="20210721 10:51:05.125" level="INFO">${GET_PROVINCE} = None</msg>
<status status="PASS" starttime="20210721 10:51:05.123" endtime="20210721 10:51:05.125"/>
</kw>
<kw name="Set Global Variable" library="BuiltIn">
<arg>${GET_SUB_DISTRICT}</arg>
<arg>${sub_district}</arg>
<doc>Makes a variable available globally in all tests and suites.</doc>
<msg timestamp="20210721 10:51:05.128" level="INFO">${GET_SUB_DISTRICT} = None</msg>
<status status="PASS" starttime="20210721 10:51:05.126" endtime="20210721 10:51:05.128"/>
</kw>
<kw name="Set Global Variable" library="BuiltIn">
<arg>${GET_ROAD}</arg>
<arg>${road}</arg>
<doc>Makes a variable available globally in all tests and suites.</doc>
<msg timestamp="20210721 10:51:05.130" level="INFO">${GET_ROAD} = None</msg>
<status status="PASS" starttime="20210721 10:51:05.128" endtime="20210721 10:51:05.130"/>
</kw>
<kw name="Set Global Variable" library="BuiltIn">
<arg>${GET_CID}</arg>
<arg>${get_cid}</arg>
<doc>Makes a variable available globally in all tests and suites.</doc>
<msg timestamp="20210721 10:51:05.130" level="INFO">${GET_CID} = 3100400854281</msg>
<status status="PASS" starttime="20210721 10:51:05.130" endtime="20210721 10:51:05.130"/>
</kw>
<kw name="Set Global Variable" library="BuiltIn">
<arg>${FIRST_NAME}</arg>
<arg>${name}</arg>
<doc>Makes a variable available globally in all tests and suites.</doc>
<msg timestamp="20210721 10:51:05.133" level="INFO">${FIRST_NAME} = None</msg>
<status status="PASS" starttime="20210721 10:51:05.130" endtime="20210721 10:51:05.133"/>
</kw>
<kw name="Set Global Variable" library="BuiltIn">
<arg>${SURNAME}</arg>
<arg>${surname}</arg>
<doc>Makes a variable available globally in all tests and suites.</doc>
<msg timestamp="20210721 10:51:05.133" level="INFO">${SURNAME} = None</msg>
<status status="PASS" starttime="20210721 10:51:05.133" endtime="20210721 10:51:05.133"/>
</kw>
<kw name="Set Global Variable" library="BuiltIn">
<arg>${FIRST_NAME_EN}</arg>
<arg>${name_en}</arg>
<doc>Makes a variable available globally in all tests and suites.</doc>
<msg timestamp="20210721 10:51:05.135" level="INFO">${FIRST_NAME_EN} = None</msg>
<status status="PASS" starttime="20210721 10:51:05.133" endtime="20210721 10:51:05.135"/>
</kw>
<kw name="Set Global Variable" library="BuiltIn">
<arg>${SURNAME_EN}</arg>
<arg>${surname_en}</arg>
<doc>Makes a variable available globally in all tests and suites.</doc>
<msg timestamp="20210721 10:51:05.136" level="INFO">${SURNAME_EN} = None</msg>
<status status="PASS" starttime="20210721 10:51:05.135" endtime="20210721 10:51:05.136"/>
</kw>
<kw name="Set Global Variable" library="BuiltIn">
<arg>${BIRTH_DATE}</arg>
<arg>${bithdate}</arg>
<doc>Makes a variable available globally in all tests and suites.</doc>
<msg timestamp="20210721 10:51:05.138" level="INFO">${BIRTH_DATE} = None</msg>
<status status="PASS" starttime="20210721 10:51:05.136" endtime="20210721 10:51:05.138"/>
</kw>
<kw name="Set Global Variable" library="BuiltIn">
<arg>${GET_CIF}</arg>
<arg>${get_cif}</arg>
<doc>Makes a variable available globally in all tests and suites.</doc>
<msg timestamp="20210721 10:51:05.138" level="INFO">${GET_CIF} = None</msg>
<status status="PASS" starttime="20210721 10:51:05.138" endtime="20210721 10:51:05.138"/>
</kw>
<kw name="Set Global Variable" library="BuiltIn">
<arg>${GET_MOBILE}</arg>
<arg>${get_mobile}</arg>
<doc>Makes a variable available globally in all tests and suites.</doc>
<msg timestamp="20210721 10:51:05.139" level="INFO">${GET_MOBILE} = None</msg>
<status status="PASS" starttime="20210721 10:51:05.138" endtime="20210721 10:51:05.139"/>
</kw>
<kw name="Set Global Variable" library="BuiltIn">
<arg>${GET_LASER_CODE}</arg>
<arg>${get_lasercode}</arg>
<doc>Makes a variable available globally in all tests and suites.</doc>
<msg timestamp="20210721 10:51:05.139" level="INFO">${GET_LASER_CODE} = None</msg>
<status status="PASS" starttime="20210721 10:51:05.139" endtime="20210721 10:51:05.139"/>
</kw>
<kw name="Set Global Variable" library="BuiltIn">
<arg>${GET_SEX}</arg>
<arg>${sex}</arg>
<doc>Makes a variable available globally in all tests and suites.</doc>
<msg timestamp="20210721 10:51:05.141" level="INFO">${GET_SEX} = None</msg>
<status status="PASS" starttime="20210721 10:51:05.139" endtime="20210721 10:51:05.141"/>
</kw>
<kw name="Close All Excel Documents" library="ExcelLibrary">
<doc>Closes all opened documents.</doc>
<status status="PASS" starttime="20210721 10:51:05.141" endtime="20210721 10:51:05.142"/>
</kw>
<status status="PASS" starttime="20210721 10:51:04.910" endtime="20210721 10:51:05.142"/>
</kw>
<kw name="To Json" library="RequestsLibrary">
<var>${body}</var>
<arg>{ "agent_id": 630792, "agent_name": "QA Unhappy", "alley": "", "birth_date": "04-07-2527", "cid": "${GET_CID}", "date_of_issue": "29-07-2563", "device_name": "samsung/P355", "district": "อำเภอบางกรวย", "expired_date": "03-07-2572", "first_name_en": "Piman", "first_name_th": "พิมาน", "house_no": "199/19", "issue_by": "บางกรวย/นนทบุรี", "lane": "", "last_name_en": "Tanyaluk", "last_name_th": "ตันยาลักษณ์", "latitude": 100.123, "longitude": 90.456, "middle_name_en": "", "middle_name_th": "", "moo": 5, "province": "กรุงเทพมหานคร", "request_no": 123456789, "road": "", "sex": "ชาย", "sub_district": "บางสีทอง", "title_en": "Mr.", "title_th": "นาย", "img": "XX"}</arg>
<doc>*DEPRECATED* Please use ${resp.json()} instead. Have a look at the improved HTML output as pretty printing replacement.</doc>
<msg timestamp="20210721 10:51:05.142" level="WARN">Keyword 'RequestsLibrary.To Json' is deprecated. Please use ${resp.json()} instead. Have a look at the improved HTML output as pretty printing replacement.</msg>
<msg timestamp="20210721 10:51:05.143" level="INFO">To JSON using : content={ "agent_id": 630792, "agent_name": "QA Unhappy", "alley": "", "birth_date": "04-07-2527", "cid": "3100400854281", "date_of_issue": "29-07-2563", "device_name": "samsung/P355", "district": "อำเภอบางกรวย", "expired_date": "03-07-2572", "first_name_en": "Piman", "first_name_th": "พิมาน", "house_no": "199/19", "issue_by": "บางกรวย/นนทบุรี", "lane": "", "last_name_en": "Tanyaluk", "last_name_th": "ตันยาลักษณ์", "latitude": 100.123, "longitude": 90.456, "middle_name_en": "", "middle_name_th": "", "moo": 5, "province": "กรุงเทพมหานคร", "request_no": 123456789, "road": "", "sex": "ชาย", "sub_district": "บางสีทอง", "title_en": "Mr.", "title_th": "นาย", "img": "XX"} </msg>
<msg timestamp="20210721 10:51:05.143" level="INFO">To JSON using : pretty_print=False </msg>
<msg timestamp="20210721 10:51:05.143" level="INFO">${body} = {'agent_id': 630792, 'agent_name': 'QA Unhappy', 'alley': '', 'birth_date': '04-07-2527', 'cid': '3100400854281', 'date_of_issue': '29-07-2563', 'device_name': 'samsung/P355', 'district': 'อำเภอบางกรว...</msg>
<status status="PASS" starttime="20210721 10:51:05.142" endtime="20210721 10:51:05.143"/>
</kw>
<kw name="Post On Session" library="RequestsLibrary">
<var>${response}</var>
<arg>alias=${ALIAS}</arg>
<arg>url=${URI_POST_VALIDATE_CUSTOMER}</arg>
<arg>headers=&amp;{HEADER_CS_VALIDATE}</arg>
<arg>json=${body}</arg>
<doc>Sends a POST request on a previously created HTTP Session.</doc>
<msg timestamp="20210721 10:51:07.715" level="INFO">POST Request : url=https://tablet-preprod.onlinebanking-partner-bottech.com/tcrb-platform-kyc/v1/validate_customer 
 path_url=/tcrb-platform-kyc/v1/validate_customer 
 headers={'User-Agent': 'python-requests/2.25.1', 'Accept-Encoding': 'gzip, deflate', 'Accept': '*/*', 'Connection': 'keep-alive', 'X-Correlation-Id': 'qwtge40453df', 'Content-Type': 'application/json', 'user': 'automate', 'Partner-code': 'TCRB-TABLET', 'Authorization': 'eyJraWQiOiI0WmpGNDV1Mk1WaXBtYjZHXC9BM1ViWFdLWHp3UmYxSWNGMkx1XC9COWhUVEU9IiwiYWxnIjoiUlMyNTYifQ.eyJzdWIiOiI4MzU4MTNmZS1hMGVhLTQ5ODItYjgwNS02YzdjN2VkMjhmZTQiLCJhdWQiOiIycmFtbHJzcTQ4bzEzMThsYWpmZ2EydGFvaSIsImV2ZW50X2lkIjoiMjUzMmMwMTMtOThiNy00ZjMxLWFkMzItNzE5YWQ1ZGIyMDE2IiwidG9rZW5fdXNlIjoiaWQiLCJhdXRoX3RpbWUiOjE2MjY4Mzk0NjMsImlzcyI6Imh0dHBzOlwvXC9jb2duaXRvLWlkcC5hcC1zb3V0aGVhc3QtMS5hbWF6b25hd3MuY29tXC9hcC1zb3V0aGVhc3QtMV9Zb0U5UFBHbVAiLCJjb2duaXRvOnVzZXJuYW1lIjoiZWt5YzAwMyIsImV4cCI6MTYyNjg0MzA2MywiaWF0IjoxNjI2ODM5NDYzfQ.P7bU4QFK-HSfpNuUfLOj7KdZbiYpjuocyw0BDvtqyvoVDWMrIoKIVoKVuIiZ4sOJjbEYWFagV54gzB9_NkQ_NOy4I9stt0bD5Q2hNFogpKJlQNt1X3dJjvcxIHv7jIjJi33IfH-jkv2k_rPYK1b3Al3o5zc1TZqeFV5IvagqdBH-YtB8BVI2rcYeYj29HTvGpOSwG6u_vqJo05bqN13rct31voCXGO8po3zCuLk6cPyktmSF-9IhcBdVidykxW_M8Nv3vnTExtsdBGqgAS7iVhudTnm85d3LdCRMcnYP3avrojiJVKL-HRtLflK3O-YuMKUcm5KRn5PBNDmvOYtWsA', 'Content-Length': '1009'} 
 body=b'{"agent_id": 630792, "agent_name": "QA Unhappy", "alley": "", "birth_date": "04-07-2527", "cid": "3100400854281", "date_of_issue": "29-07-2563", "device_name": "samsung/P355", "district": "\\u0e2d\\u0e33\\u0e40\\u0e20\\u0e2d\\u0e1a\\u0e32\\u0e07\\u0e01\\u0e23\\u0e27\\u0e22", "expired_date": "03-07-2572", "first_name_en": "Piman", "first_name_th": "\\u0e1e\\u0e34\\u0e21\\u0e32\\u0e19", "house_no": "199/19", "issue_by": "\\u0e1a\\u0e32\\u0e07\\u0e01\\u0e23\\u0e27\\u0e22/\\u0e19\\u0e19\\u0e17\\u0e1a\\u0e38\\u0e23\\u0e35", "lane": "", "last_name_en": "Tanyaluk", "last_name_th": "\\u0e15\\u0e31\\u0e19\\u0e22\\u0e32\\u0e25\\u0e31\\u0e01\\u0e29\\u0e13\\u0e4c", "latitude": 100.123, "longitude": 90.456, "middle_name_en": "", "middle_name_th": "", "moo": 5, "province": "\\u0e01\\u0e23\\u0e38\\u0e07\\u0e40\\u0e17\\u0e1e\\u0e21\\u0e2b\\u0e32\\u0e19\\u0e04\\u0e23", "request_no": 123456789, "road": "", "sex": "\\u0e0a\\u0e32\\u0e22", "sub_district": "\\u0e1a\\u0e32\\u0e07\\u0e2a\\u0e35\\u0e17\\u0e2d\\u0e07", "title_en": "Mr.", "title_th": "\\u0e19\\u0e32\\u0e22", "img": "XX"}' 
 </msg>
<msg timestamp="20210721 10:51:07.717" level="INFO">POST Response : url=https://tablet-preprod.onlinebanking-partner-bottech.com/tcrb-platform-kyc/v1/validate_customer 
 status=200, reason=OK 
 headers={'Content-Type': 'application/json', 'Content-Length': '193', 'Connection': 'keep-alive', 'Date': 'Wed, 21 Jul 2021 03:51:07 GMT', 'x-amzn-RequestId': '377dae3e-4f59-4268-9f2d-c0cc68f43a1e', 'x-amz-apigw-id': 'CzTyeEvAyQ0Fl_w=', 'X-Amzn-Trace-Id': 'Root=1-60f799a9-5927b0eb2a1a025000730680', 'X-Cache': 'Miss from cloudfront', 'Via': '1.1 a691085135305af276cea0859fd6b129.cloudfront.net (CloudFront)', 'X-Amz-Cf-Pop': 'SIN52-C3', 'X-Amz-Cf-Id': 'cAhW-YdHp_kNpciYSjJu77WrM78Cp8iJe8Oa5CqTV0HQ8GiTLr5g_w=='} 
 body={"status":{"code":"0","message":"Success","remark":null,"user_code":null,"user_message_en":null,"user_message_th":null},"data":{"mobile_number":"022364573","kyc_transaction":"EU2021072100012"}} 
 </msg>
<msg timestamp="20210721 10:51:07.717" level="INFO">c:\users\t640150\appdata\local\programs\python\python39\lib\site-packages\urllib3\connectionpool.py:1013: InsecureRequestWarning: Unverified HTTPS request is being made to host 'tablet-preprod.onlinebanking-partner-bottech.com'. Adding certificate verification is strongly advised. See: https://urllib3.readthedocs.io/en/latest/advanced-usage.html#ssl-warnings
  warnings.warn(</msg>
<msg timestamp="20210721 10:51:07.719" level="INFO">${response} = &lt;Response [200]&gt;</msg>
<status status="PASS" starttime="20210721 10:51:05.143" endtime="20210721 10:51:07.719"/>
</kw>
<kw name="Should Be Equal As Integers" library="BuiltIn">
<arg>${response.json()["status"]["code"]}</arg>
<arg>0</arg>
<doc>Fails if objects are unequal after converting them to integers.</doc>
<status status="PASS" starttime="20210721 10:51:07.720" endtime="20210721 10:51:07.724"/>
</kw>
<kw name="Set Global Variable" library="BuiltIn">
<arg>${MOBILE_NO}</arg>
<arg>${response.json()["data"]["mobile_number"]}</arg>
<doc>Makes a variable available globally in all tests and suites.</doc>
<msg timestamp="20210721 10:51:07.728" level="INFO">${MOBILE_NO} = 022364573</msg>
<status status="PASS" starttime="20210721 10:51:07.724" endtime="20210721 10:51:07.728"/>
</kw>
<kw name="Set Global Variable" library="BuiltIn">
<arg>${TRANS_ID}</arg>
<arg>${response.json()["data"]["kyc_transaction"]}</arg>
<doc>Makes a variable available globally in all tests and suites.</doc>
<msg timestamp="20210721 10:51:07.732" level="INFO">${TRANS_ID} = EU2021072100012</msg>
<status status="PASS" starttime="20210721 10:51:07.728" endtime="20210721 10:51:07.732"/>
</kw>
<status status="PASS" starttime="20210721 10:51:04.908" endtime="20210721 10:51:07.732"/>
</kw>
<kw name="Get_consent" library="Get_Consent_API_page">
<kw name="Set To Dictionary" library="Collections">
<arg>${HEADER_GET_CONSENT}</arg>
<arg>Authorization=${LOGIN_IDTOKEN}</arg>
<doc>Adds the given ``key_value_pairs`` and ``items`` to the ``dictionary``.</doc>
<status status="PASS" starttime="20210721 10:51:07.733" endtime="20210721 10:51:07.734"/>
</kw>
<kw name="Log" library="BuiltIn">
<arg>${HEADER_GET_CONSENT}</arg>
<doc>Logs the given message with the given level.</doc>
<msg timestamp="20210721 10:51:07.734" level="INFO">{'X-Correlation-Id': 'QA', 'Content-Type': 'application/json', 'user': 'automate', 'Partner-code': 'TCRB-TABLET', 'Authorization': 'eyJraWQiOiI0WmpGNDV1Mk1WaXBtYjZHXC9BM1ViWFdLWHp3UmYxSWNGMkx1XC9COWhUVEU9IiwiYWxnIjoiUlMyNTYifQ.eyJzdWIiOiI4MzU4MTNmZS1hMGVhLTQ5ODItYjgwNS02YzdjN2VkMjhmZTQiLCJhdWQiOiIycmFtbHJzcTQ4bzEzMThsYWpmZ2EydGFvaSIsImV2ZW50X2lkIjoiMjUzMmMwMTMtOThiNy00ZjMxLWFkMzItNzE5YWQ1ZGIyMDE2IiwidG9rZW5fdXNlIjoiaWQiLCJhdXRoX3RpbWUiOjE2MjY4Mzk0NjMsImlzcyI6Imh0dHBzOlwvXC9jb2duaXRvLWlkcC5hcC1zb3V0aGVhc3QtMS5hbWF6b25hd3MuY29tXC9hcC1zb3V0aGVhc3QtMV9Zb0U5UFBHbVAiLCJjb2duaXRvOnVzZXJuYW1lIjoiZWt5YzAwMyIsImV4cCI6MTYyNjg0MzA2MywiaWF0IjoxNjI2ODM5NDYzfQ.P7bU4QFK-HSfpNuUfLOj7KdZbiYpjuocyw0BDvtqyvoVDWMrIoKIVoKVuIiZ4sOJjbEYWFagV54gzB9_NkQ_NOy4I9stt0bD5Q2hNFogpKJlQNt1X3dJjvcxIHv7jIjJi33IfH-jkv2k_rPYK1b3Al3o5zc1TZqeFV5IvagqdBH-YtB8BVI2rcYeYj29HTvGpOSwG6u_vqJo05bqN13rct31voCXGO8po3zCuLk6cPyktmSF-9IhcBdVidykxW_M8Nv3vnTExtsdBGqgAS7iVhudTnm85d3LdCRMcnYP3avrojiJVKL-HRtLflK3O-YuMKUcm5KRn5PBNDmvOYtWsA'}</msg>
<status status="PASS" starttime="20210721 10:51:07.734" endtime="20210721 10:51:07.734"/>
</kw>
<kw name="Create Session" library="RequestsLibrary">
<arg>alias=${ALIAS}</arg>
<arg>url=${URL_CORE_SERVICE}</arg>
<doc>Create Session: create a HTTP session to a server</doc>
<msg timestamp="20210721 10:51:07.735" level="INFO">Creating Session using : alias=eKYC, url=https://tablet-preprod.onlinebanking-partner-bottech.com, headers={},                     cookies={}, auth=None, timeout=None, proxies=None, verify=False,                     debug=0 </msg>
<status status="PASS" starttime="20210721 10:51:07.734" endtime="20210721 10:51:07.735"/>
</kw>
<kw name="Get On Session" library="RequestsLibrary">
<var>${response}</var>
<arg>alias=${ALIAS}</arg>
<arg>url=${URI_GET_CONSENT}</arg>
<arg>headers=&amp;{HEADER_GET_CONSENT}</arg>
<doc>Sends a GET request on a previously created HTTP Session.</doc>
<msg timestamp="20210721 10:51:08.408" level="INFO">GET Request : url=https://tablet-preprod.onlinebanking-partner-bottech.com/tcrb-platform-kyc/v1/consent 
 path_url=/tcrb-platform-kyc/v1/consent 
 headers={'User-Agent': 'python-requests/2.25.1', 'Accept-Encoding': 'gzip, deflate', 'Accept': '*/*', 'Connection': 'keep-alive', 'X-Correlation-Id': 'QA', 'Content-Type': 'application/json', 'user': 'automate', 'Partner-code': 'TCRB-TABLET', 'Authorization': 'eyJraWQiOiI0WmpGNDV1Mk1WaXBtYjZHXC9BM1ViWFdLWHp3UmYxSWNGMkx1XC9COWhUVEU9IiwiYWxnIjoiUlMyNTYifQ.eyJzdWIiOiI4MzU4MTNmZS1hMGVhLTQ5ODItYjgwNS02YzdjN2VkMjhmZTQiLCJhdWQiOiIycmFtbHJzcTQ4bzEzMThsYWpmZ2EydGFvaSIsImV2ZW50X2lkIjoiMjUzMmMwMTMtOThiNy00ZjMxLWFkMzItNzE5YWQ1ZGIyMDE2IiwidG9rZW5fdXNlIjoiaWQiLCJhdXRoX3RpbWUiOjE2MjY4Mzk0NjMsImlzcyI6Imh0dHBzOlwvXC9jb2duaXRvLWlkcC5hcC1zb3V0aGVhc3QtMS5hbWF6b25hd3MuY29tXC9hcC1zb3V0aGVhc3QtMV9Zb0U5UFBHbVAiLCJjb2duaXRvOnVzZXJuYW1lIjoiZWt5YzAwMyIsImV4cCI6MTYyNjg0MzA2MywiaWF0IjoxNjI2ODM5NDYzfQ.P7bU4QFK-HSfpNuUfLOj7KdZbiYpjuocyw0BDvtqyvoVDWMrIoKIVoKVuIiZ4sOJjbEYWFagV54gzB9_NkQ_NOy4I9stt0bD5Q2hNFogpKJlQNt1X3dJjvcxIHv7jIjJi33IfH-jkv2k_rPYK1b3Al3o5zc1TZqeFV5IvagqdBH-YtB8BVI2rcYeYj29HTvGpOSwG6u_vqJo05bqN13rct31voCXGO8po3zCuLk6cPyktmSF-9IhcBdVidykxW_M8Nv3vnTExtsdBGqgAS7iVhudTnm85d3LdCRMcnYP3avrojiJVKL-HRtLflK3O-YuMKUcm5KRn5PBNDmvOYtWsA'} 
 body=None 
 </msg>
<msg timestamp="20210721 10:51:08.409" level="INFO">GET Response : url=https://tablet-preprod.onlinebanking-partner-bottech.com/tcrb-platform-kyc/v1/consent 
 status=200, reason=OK 
 headers={'Content-Type': 'application/json', 'Content-Length': '973', 'Connection': 'keep-alive', 'Date': 'Wed, 21 Jul 2021 03:51:08 GMT', 'x-amzn-RequestId': '3514d93e-7863-4197-90a2-73357c6f66e4', 'x-amz-apigw-id': 'CzTy4HUuyQ0FrEQ=', 'X-Amzn-Trace-Id': 'Root=1-60f799ab-29fc1fa9237d490d058bc2ec', 'X-Cache': 'Miss from cloudfront', 'Via': '1.1 0fa3b62de49c01129844acc24e390b56.cloudfront.net (CloudFront)', 'X-Amz-Cf-Pop': 'SIN52-C3', 'X-Amz-Cf-Id': 'X9QwlCiVkeL3SHaYuVqdSAosFr0k6fj-S-iGWRBlkwni-pXrFlC9Xg=='} 
 body={"status":{"code":"0","message":"Success","remark":null,"user_code":null,"user_message_en":null,"user_message_th":null},"data":{"purpose_id":"94349b48-2a11-4d5b-966d-1c4d32910504","purpose_name":"Example KYC consent","type":"C","content":"Example KYC consent content.\r\nTest consent are vital to the long-term success and security of your online business, as they outline the rules by which you and your users must abide. Without terms, you could be subject to abusive users, intellectual property theft, and unnecessary litigation.Our free consent template will help provide your business with the legal protection it deserves. Download the standard template below, or simply copy and paste the text onto your site.Alternatively, keep reading to learn more about what a consent agreement is and how to start writing your own.,","econsent_version":"1.0","econsent_status":"ACTIVE","onetrust_version":"V1","onetrust_status":"ACTIVE","effective_date":"2021-03-02 17:00:00"}} 
 </msg>
<msg timestamp="20210721 10:51:08.409" level="INFO">c:\users\t640150\appdata\local\programs\python\python39\lib\site-packages\urllib3\connectionpool.py:1013: InsecureRequestWarning: Unverified HTTPS request is being made to host 'tablet-preprod.onlinebanking-partner-bottech.com'. Adding certificate verification is strongly advised. See: https://urllib3.readthedocs.io/en/latest/advanced-usage.html#ssl-warnings
  warnings.warn(</msg>
<msg timestamp="20210721 10:51:08.411" level="INFO">${response} = &lt;Response [200]&gt;</msg>
<status status="PASS" starttime="20210721 10:51:07.735" endtime="20210721 10:51:08.411"/>
</kw>
<kw name="Request Should Be Successful" library="RequestsLibrary">
<arg>response=${response}</arg>
<doc>Fails if response status code is a client or server error (4xx, 5xx).</doc>
<status status="PASS" starttime="20210721 10:51:08.412" endtime="20210721 10:51:08.413"/>
</kw>
<kw name="Should Be Equal As Integers" library="BuiltIn">
<arg>${response.json()["status"]["code"]}</arg>
<arg>${RESPONSE_CODE_SUCCESS}</arg>
<doc>Fails if objects are unequal after converting them to integers.</doc>
<status status="PASS" starttime="20210721 10:51:08.414" endtime="20210721 10:51:08.417"/>
</kw>
<kw name="Set Global Variable" library="BuiltIn">
<arg>${CONSENT_MESSAGE}</arg>
<arg>${response.json()["status"]["message"]}</arg>
<doc>Makes a variable available globally in all tests and suites.</doc>
<msg timestamp="20210721 10:51:08.421" level="INFO">${CONSENT_MESSAGE} = Success</msg>
<status status="PASS" starttime="20210721 10:51:08.417" endtime="20210721 10:51:08.421"/>
</kw>
<status status="PASS" starttime="20210721 10:51:07.733" endtime="20210721 10:51:08.421"/>
</kw>
<kw name="Run Keyword And Ignore Error" library="BuiltIn">
<var>${1ignore}</var>
<arg>Sent_SMS(OTP)API_page.Sent_OTP</arg>
<doc>Runs the given keyword with the given arguments and ignores possible error.</doc>
<kw name="Sent_OTP" library="Sent_SMS(OTP)API_page">
<kw name="Set To Dictionary" library="Collections">
<arg>${HEADER_OTP}</arg>
<arg>Authorization=${LOGIN_IDTOKEN}</arg>
<doc>Adds the given ``key_value_pairs`` and ``items`` to the ``dictionary``.</doc>
<status status="PASS" starttime="20210721 10:51:08.422" endtime="20210721 10:51:08.422"/>
</kw>
<kw name="Log" library="BuiltIn">
<arg>${HEADER_OTP}</arg>
<doc>Logs the given message with the given level.</doc>
<msg timestamp="20210721 10:51:08.423" level="INFO">{'X-Correlation-Id': 'QA', 'Content-Type': 'application/json', 'user': 'automate', 'Partner-code': 'TCRB-TABLET', 'Authorization': 'eyJraWQiOiI0WmpGNDV1Mk1WaXBtYjZHXC9BM1ViWFdLWHp3UmYxSWNGMkx1XC9COWhUVEU9IiwiYWxnIjoiUlMyNTYifQ.eyJzdWIiOiI4MzU4MTNmZS1hMGVhLTQ5ODItYjgwNS02YzdjN2VkMjhmZTQiLCJhdWQiOiIycmFtbHJzcTQ4bzEzMThsYWpmZ2EydGFvaSIsImV2ZW50X2lkIjoiMjUzMmMwMTMtOThiNy00ZjMxLWFkMzItNzE5YWQ1ZGIyMDE2IiwidG9rZW5fdXNlIjoiaWQiLCJhdXRoX3RpbWUiOjE2MjY4Mzk0NjMsImlzcyI6Imh0dHBzOlwvXC9jb2duaXRvLWlkcC5hcC1zb3V0aGVhc3QtMS5hbWF6b25hd3MuY29tXC9hcC1zb3V0aGVhc3QtMV9Zb0U5UFBHbVAiLCJjb2duaXRvOnVzZXJuYW1lIjoiZWt5YzAwMyIsImV4cCI6MTYyNjg0MzA2MywiaWF0IjoxNjI2ODM5NDYzfQ.P7bU4QFK-HSfpNuUfLOj7KdZbiYpjuocyw0BDvtqyvoVDWMrIoKIVoKVuIiZ4sOJjbEYWFagV54gzB9_NkQ_NOy4I9stt0bD5Q2hNFogpKJlQNt1X3dJjvcxIHv7jIjJi33IfH-jkv2k_rPYK1b3Al3o5zc1TZqeFV5IvagqdBH-YtB8BVI2rcYeYj29HTvGpOSwG6u_vqJo05bqN13rct31voCXGO8po3zCuLk6cPyktmSF-9IhcBdVidykxW_M8Nv3vnTExtsdBGqgAS7iVhudTnm85d3LdCRMcnYP3avrojiJVKL-HRtLflK3O-YuMKUcm5KRn5PBNDmvOYtWsA'}</msg>
<status status="PASS" starttime="20210721 10:51:08.422" endtime="20210721 10:51:08.423"/>
</kw>
<kw name="Create Session" library="RequestsLibrary">
<arg>alias=${ALIAS}</arg>
<arg>url=${URL_CORE_SERVICE}</arg>
<doc>Create Session: create a HTTP session to a server</doc>
<msg timestamp="20210721 10:51:08.423" level="INFO">Creating Session using : alias=eKYC, url=https://tablet-preprod.onlinebanking-partner-bottech.com, headers={},                     cookies={}, auth=None, timeout=None, proxies=None, verify=False,                     debug=0 </msg>
<status status="PASS" starttime="20210721 10:51:08.423" endtime="20210721 10:51:08.423"/>
</kw>
<kw name="To Json" library="RequestsLibrary">
<var>${body}</var>
<arg>{"kyc_trans_id" : "${TRANS_ID}", "language" : "TH" , "mobile_no" : "${MOBILE_NO}"}</arg>
<doc>*DEPRECATED* Please use ${resp.json()} instead. Have a look at the improved HTML output as pretty printing replacement.</doc>
<msg timestamp="20210721 10:51:08.423" level="WARN">Keyword 'RequestsLibrary.To Json' is deprecated. Please use ${resp.json()} instead. Have a look at the improved HTML output as pretty printing replacement.</msg>
<msg timestamp="20210721 10:51:08.425" level="INFO">To JSON using : content={"kyc_trans_id" : "EU2021072100012", "language" : "TH" , "mobile_no" : "022364573"} </msg>
<msg timestamp="20210721 10:51:08.425" level="INFO">To JSON using : pretty_print=False </msg>
<msg timestamp="20210721 10:51:08.425" level="INFO">${body} = {'kyc_trans_id': 'EU2021072100012', 'language': 'TH', 'mobile_no': '022364573'}</msg>
<status status="PASS" starttime="20210721 10:51:08.423" endtime="20210721 10:51:08.425"/>
</kw>
<kw name="Post On Session" library="RequestsLibrary">
<var>${response}</var>
<arg>alias=${ALIAS}</arg>
<arg>url=${URI_POST_SEND_OTP}</arg>
<arg>headers=&amp;{HEADER_OTP}</arg>
<arg>json=${body}</arg>
<doc>Sends a POST request on a previously created HTTP Session.</doc>
<msg timestamp="20210721 10:51:09.557" level="INFO">POST Request : url=https://tablet-preprod.onlinebanking-partner-bottech.com/tcrb-platform-kyc/v1/send_otp 
 path_url=/tcrb-platform-kyc/v1/send_otp 
 headers={'User-Agent': 'python-requests/2.25.1', 'Accept-Encoding': 'gzip, deflate', 'Accept': '*/*', 'Connection': 'keep-alive', 'X-Correlation-Id': 'QA', 'Content-Type': 'application/json', 'user': 'automate', 'Partner-code': 'TCRB-TABLET', 'Authorization': 'eyJraWQiOiI0WmpGNDV1Mk1WaXBtYjZHXC9BM1ViWFdLWHp3UmYxSWNGMkx1XC9COWhUVEU9IiwiYWxnIjoiUlMyNTYifQ.eyJzdWIiOiI4MzU4MTNmZS1hMGVhLTQ5ODItYjgwNS02YzdjN2VkMjhmZTQiLCJhdWQiOiIycmFtbHJzcTQ4bzEzMThsYWpmZ2EydGFvaSIsImV2ZW50X2lkIjoiMjUzMmMwMTMtOThiNy00ZjMxLWFkMzItNzE5YWQ1ZGIyMDE2IiwidG9rZW5fdXNlIjoiaWQiLCJhdXRoX3RpbWUiOjE2MjY4Mzk0NjMsImlzcyI6Imh0dHBzOlwvXC9jb2duaXRvLWlkcC5hcC1zb3V0aGVhc3QtMS5hbWF6b25hd3MuY29tXC9hcC1zb3V0aGVhc3QtMV9Zb0U5UFBHbVAiLCJjb2duaXRvOnVzZXJuYW1lIjoiZWt5YzAwMyIsImV4cCI6MTYyNjg0MzA2MywiaWF0IjoxNjI2ODM5NDYzfQ.P7bU4QFK-HSfpNuUfLOj7KdZbiYpjuocyw0BDvtqyvoVDWMrIoKIVoKVuIiZ4sOJjbEYWFagV54gzB9_NkQ_NOy4I9stt0bD5Q2hNFogpKJlQNt1X3dJjvcxIHv7jIjJi33IfH-jkv2k_rPYK1b3Al3o5zc1TZqeFV5IvagqdBH-YtB8BVI2rcYeYj29HTvGpOSwG6u_vqJo05bqN13rct31voCXGO8po3zCuLk6cPyktmSF-9IhcBdVidykxW_M8Nv3vnTExtsdBGqgAS7iVhudTnm85d3LdCRMcnYP3avrojiJVKL-HRtLflK3O-YuMKUcm5KRn5PBNDmvOYtWsA', 'Content-Length': '79'} 
 body=b'{"kyc_trans_id": "EU2021072100012", "language": "TH", "mobile_no": "022364573"}' 
 </msg>
<msg timestamp="20210721 10:51:09.557" level="INFO">POST Response : url=https://tablet-preprod.onlinebanking-partner-bottech.com/tcrb-platform-kyc/v1/send_otp 
 status=200, reason=OK 
 headers={'Content-Type': 'application/json', 'Content-Length': '857', 'Connection': 'keep-alive', 'Date': 'Wed, 21 Jul 2021 03:51:09 GMT', 'x-amzn-RequestId': '1fa4dc11-d2e6-417e-b10d-8a3fe4a94f0d', 'x-amz-apigw-id': 'CzTy_G_byQ0Frzg=', 'X-Amzn-Trace-Id': 'Root=1-60f799ac-7809df502e5142f31c3f622f', 'X-Cache': 'Miss from cloudfront', 'Via': '1.1 d19f6de4de1eb10d5b27d86de6b4a7d5.cloudfront.net (CloudFront)', 'X-Amz-Cf-Pop': 'SIN52-C3', 'X-Amz-Cf-Id': 'zDCQPFouyivgkJ3N9xT6v7FLXpNm_CoyrtSqjAMS27WO1pSSN2H49A=='} 
 body={"status":{"code":"2014","message":"Invalid Mobile Number","remark":"","user_code":"E0004","user_message_en":"Mobile number is incorrect We are unable to process since this customer did not register mobile number with TCRB.Kindly visited nearest branch for registered.","user_message_th":"หมายเลขโทรศัพท์มือถือไม่ถูกต้องระบบไม่สามารถดำเนินการต่อได้ เนื่องจากลูกค้าไม่ได้ลงทะเบียนหมายเลขโทรศัพท์มือถือไว้กับทางธนาคารกรุณาติดต่อสาขาของธนาคารเพื่อลงทะเบียนหมายเลขโทรศัพท์มือถือ"},"data":null} 
 </msg>
<msg timestamp="20210721 10:51:09.558" level="INFO">c:\users\t640150\appdata\local\programs\python\python39\lib\site-packages\urllib3\connectionpool.py:1013: InsecureRequestWarning: Unverified HTTPS request is being made to host 'tablet-preprod.onlinebanking-partner-bottech.com'. Adding certificate verification is strongly advised. See: https://urllib3.readthedocs.io/en/latest/advanced-usage.html#ssl-warnings
  warnings.warn(</msg>
<msg timestamp="20210721 10:51:09.560" level="INFO">${response} = &lt;Response [200]&gt;</msg>
<status status="PASS" starttime="20210721 10:51:08.425" endtime="20210721 10:51:09.560"/>
</kw>
<kw name="Request Should Be Successful" library="RequestsLibrary">
<arg>response=${response}</arg>
<doc>Fails if response status code is a client or server error (4xx, 5xx).</doc>
<status status="PASS" starttime="20210721 10:51:09.561" endtime="20210721 10:51:09.562"/>
</kw>
<kw name="Set Global Variable" library="BuiltIn">
<arg>${RESPONSE_MESSAGE_SENTOTP}</arg>
<arg>${response.json()["status"]["message"]}</arg>
<doc>Makes a variable available globally in all tests and suites.</doc>
<msg timestamp="20210721 10:51:09.568" level="INFO">${RESPONSE_MESSAGE_SENTOTP} = Invalid Mobile Number</msg>
<status status="PASS" starttime="20210721 10:51:09.562" endtime="20210721 10:51:09.568"/>
</kw>
<kw name="Set Global Variable" library="BuiltIn">
<arg>${RESPONSE_CODE}</arg>
<arg>${response.json()["status"]["code"]}</arg>
<doc>Makes a variable available globally in all tests and suites.</doc>
<msg timestamp="20210721 10:51:09.571" level="INFO">${RESPONSE_CODE} = 2014</msg>
<status status="PASS" starttime="20210721 10:51:09.568" endtime="20210721 10:51:09.571"/>
</kw>
<kw name="Set Global Variable" library="BuiltIn">
<arg>${OTP_REF_NUMBER}</arg>
<arg>${response.json()["data"]["otp_ref"]}</arg>
<doc>Makes a variable available globally in all tests and suites.</doc>
<msg timestamp="20210721 10:51:09.575" level="FAIL">Resolving variable '${response.json()["data"]["otp_ref"]}' failed: TypeError: 'NoneType' object is not subscriptable</msg>
<status status="FAIL" starttime="20210721 10:51:09.572" endtime="20210721 10:51:09.575"/>
</kw>
<status status="FAIL" starttime="20210721 10:51:08.422" endtime="20210721 10:51:09.575"/>
</kw>
<msg timestamp="20210721 10:51:09.575" level="INFO">${1ignore} = ('FAIL', 'Resolving variable \'${response.json()["data"]["otp_ref"]}\' failed: TypeError: \'NoneType\' object is not subscriptable')</msg>
<status status="PASS" starttime="20210721 10:51:08.422" endtime="20210721 10:51:09.575"/>
</kw>
<kw name="Save_Unhappy_OTP" library="save_data_excel_page" type="TEARDOWN">
<arg>6</arg>
<kw name="Open Excel Document" library="ExcelLibrary">
<arg>filename=${FILE_NAME}</arg>
<arg>doc_id=doc1</arg>
<doc>Opens xlsx document file.</doc>
<status status="PASS" starttime="20210721 10:51:09.576" endtime="20210721 10:51:09.770"/>
</kw>
<kw name="Write Excel Cell" library="ExcelLibrary">
<arg>row_num=${row}</arg>
<arg>col_num=22</arg>
<arg>value=${TEST STATUS}</arg>
<arg>sheet_name=OTP</arg>
<doc>Writes value to the cell.</doc>
<status status="PASS" starttime="20210721 10:51:09.770" endtime="20210721 10:51:09.771"/>
</kw>
<kw name="Write Excel Cell" library="ExcelLibrary">
<arg>row_num=${row}</arg>
<arg>col_num=30</arg>
<arg>value=${MOBILE_NO}</arg>
<arg>sheet_name=eKYC-UNHAPPY</arg>
<doc>Writes value to the cell.</doc>
<status status="PASS" starttime="20210721 10:51:09.771" endtime="20210721 10:51:09.771"/>
</kw>
<kw name="Write Excel Cell" library="ExcelLibrary">
<arg>row_num=${row}</arg>
<arg>col_num=28</arg>
<arg>value=${TRANS_ID}</arg>
<arg>sheet_name=eKYC-UNHAPPY</arg>
<doc>Writes value to the cell.</doc>
<status status="PASS" starttime="20210721 10:51:09.771" endtime="20210721 10:51:09.772"/>
</kw>
<kw name="Write Excel Cell" library="ExcelLibrary">
<arg>row_num=${row}</arg>
<arg>col_num=37</arg>
<arg>value=${TEST STATUS}</arg>
<arg>sheet_name=eKYC-UNHAPPY</arg>
<doc>Writes value to the cell.</doc>
<status status="PASS" starttime="20210721 10:51:09.772" endtime="20210721 10:51:09.772"/>
</kw>
<kw name="Run Keyword And Ignore Error" library="BuiltIn">
<var>${11ignore}</var>
<arg>Write Excel Cell</arg>
<arg>row_num=${row}</arg>
<arg>col_num=32</arg>
<arg>value=${RESPONSE_MESSAGE_SENTOTP}</arg>
<arg>sheet_name=eKYC-UNHAPPY</arg>
<doc>Runs the given keyword with the given arguments and ignores possible error.</doc>
<kw name="Write Excel Cell" library="ExcelLibrary">
<arg>row_num=${row}</arg>
<arg>col_num=32</arg>
<arg>value=${RESPONSE_MESSAGE_SENTOTP}</arg>
<arg>sheet_name=eKYC-UNHAPPY</arg>
<doc>Writes value to the cell.</doc>
<status status="PASS" starttime="20210721 10:51:09.772" endtime="20210721 10:51:09.773"/>
</kw>
<msg timestamp="20210721 10:51:09.773" level="INFO">${11ignore} = ('PASS', None)</msg>
<status status="PASS" starttime="20210721 10:51:09.772" endtime="20210721 10:51:09.773"/>
</kw>
<kw name="Write Excel Cell" library="ExcelLibrary">
<arg>row_num=${row}</arg>
<arg>col_num=31</arg>
<arg>value=${CONSENT_MESSAGE}</arg>
<arg>sheet_name=eKYC-UNHAPPY</arg>
<doc>Writes value to the cell.</doc>
<status status="PASS" starttime="20210721 10:51:09.773" endtime="20210721 10:51:09.773"/>
</kw>
<kw name="Write Excel Cell" library="ExcelLibrary">
<arg>row_num=${row}</arg>
<arg>col_num=29</arg>
<arg>value=${GETTERM_RESPONES_MESSAGE}</arg>
<arg>sheet_name=eKYC-UNHAPPY</arg>
<doc>Writes value to the cell.</doc>
<status status="PASS" starttime="20210721 10:51:09.773" endtime="20210721 10:51:09.774"/>
</kw>
<kw name="Run Keyword And Ignore Error" library="BuiltIn">
<var>${ignore}</var>
<arg>Write Excel Cell</arg>
<arg>row_num=${row}</arg>
<arg>col_num=32</arg>
<arg>value=${RESULT_OTP_STATUS}</arg>
<arg>sheet_name=eKYC-UNHAPPY</arg>
<doc>Runs the given keyword with the given arguments and ignores possible error.</doc>
<kw name="Write Excel Cell" library="ExcelLibrary">
<arg>row_num=${row}</arg>
<arg>col_num=32</arg>
<arg>value=${RESULT_OTP_STATUS}</arg>
<arg>sheet_name=eKYC-UNHAPPY</arg>
<doc>Writes value to the cell.</doc>
<msg timestamp="20210721 10:51:09.776" level="FAIL">Variable '${RESULT_OTP_STATUS}' not found.</msg>
<status status="FAIL" starttime="20210721 10:51:09.774" endtime="20210721 10:51:09.776"/>
</kw>
<msg timestamp="20210721 10:51:09.776" level="INFO">${ignore} = ('FAIL', "Variable '${RESULT_OTP_STATUS}' not found.")</msg>
<status status="PASS" starttime="20210721 10:51:09.774" endtime="20210721 10:51:09.776"/>
</kw>
<kw name="Write Excel Cell" library="ExcelLibrary">
<arg>row_num=${row}</arg>
<arg>col_num=6</arg>
<arg>value=${TRANS_ID}</arg>
<arg>sheet_name=OTP</arg>
<doc>Writes value to the cell.</doc>
<status status="PASS" starttime="20210721 10:51:09.776" endtime="20210721 10:51:09.777"/>
</kw>
<kw name="Write Excel Cell" library="ExcelLibrary">
<arg>row_num=${row}</arg>
<arg>col_num=7</arg>
<arg>value=${MOBILE_NO}</arg>
<arg>sheet_name=OTP</arg>
<doc>Writes value to the cell.</doc>
<status status="PASS" starttime="20210721 10:51:09.777" endtime="20210721 10:51:09.777"/>
</kw>
<kw name="Write Excel Cell" library="ExcelLibrary">
<arg>row_num=${row}</arg>
<arg>col_num=22</arg>
<arg>value=${TEST STATUS}</arg>
<arg>sheet_name=OTP</arg>
<doc>Writes value to the cell.</doc>
<status status="PASS" starttime="20210721 10:51:09.777" endtime="20210721 10:51:09.777"/>
</kw>
<kw name="Save Excel Document" library="ExcelLibrary">
<arg>filename=${FILE_NAME}</arg>
<doc>Saves the current document to disk.</doc>
<status status="PASS" starttime="20210721 10:51:09.778" endtime="20210721 10:51:10.052"/>
</kw>
<kw name="Close All Excel Documents" library="ExcelLibrary">
<doc>Closes all opened documents.</doc>
<status status="PASS" starttime="20210721 10:51:10.052" endtime="20210721 10:51:10.052"/>
</kw>
<status status="PASS" starttime="20210721 10:51:09.576" endtime="20210721 10:51:10.052"/>
</kw>
<doc>OTP เบอร์ผิดรูปแบบ</doc>
<status status="PASS" starttime="20210721 10:51:04.002" endtime="20210721 10:51:10.053"/>
</test>
<status status="PASS" starttime="20210721 10:51:01.158" endtime="20210721 10:51:10.054"/>
</suite>
<statistics>
<total>
<stat pass="1" fail="0" skip="0">All Tests</stat>
</total>
<tag>
</tag>
<suite>
<stat pass="1" fail="0" skip="0" id="s1" name="02 KYC Unhappy API">02 KYC Unhappy API</stat>
</suite>
</statistics>
<errors>
<msg timestamp="20210721 10:51:01.813" level="WARN">Keyword 'RequestsLibrary.To Json' is deprecated. Please use ${resp.json()} instead. Have a look at the improved HTML output as pretty printing replacement.</msg>
<msg timestamp="20210721 10:51:05.142" level="WARN">Keyword 'RequestsLibrary.To Json' is deprecated. Please use ${resp.json()} instead. Have a look at the improved HTML output as pretty printing replacement.</msg>
<msg timestamp="20210721 10:51:08.423" level="WARN">Keyword 'RequestsLibrary.To Json' is deprecated. Please use ${resp.json()} instead. Have a look at the improved HTML output as pretty printing replacement.</msg>
</errors>
</robot>
